<?xml version="1.0" encoding="UTF-8"?>
<!-- Generated by org.testng.reporters.JUnitXMLReporter -->
<testsuite ignored="0" hostname="DESKTOP-3CMM59S" failures="1" tests="2" name="Test" time="13.35" errors="0" timestamp="2022-12-19T18:52:18 IST">
  <testcase classname="testcases.LoginTestCase" name="method" time="0.584">
    <failure type="java.lang.AssertionError" message="The following asserts failed:
	expected [Please check your username password. If you still can&amp;apos;t log in, contact your Salesforce administrator.] but found [Please check your username and password. If you still can&amp;apos;t log in, contact your Salesforce administrator.]">
      <![CDATA[java.lang.AssertionError: The following asserts failed:
expected [Please check your username password. If you still can't log in, contact your Salesforce administrator.] but found [Please check your username and password. If you still can't log in, contact your Salesforce administrator.]
at resource.CommonMethods.Assertions(CommonMethods.java:23)
at testcases.LoginTestCase.method(LoginTestCase.java:28)
at java.base/java.util.ArrayList.forEach(ArrayList.java:1511)
... Removed 29 stack frames]]>
    </failure>
  </testcase> <!-- method -->
  <testcase classname="testcases.SignUpTestCases" name="method" time="6.719"/>
</testsuite> <!-- Test -->
