<?xml version="1.0" encoding="UTF-8"?>
<testng-results ignored="0" total="2" passed="2" failed="0" skipped="0">
  <reporter-output>
  </reporter-output>
  <suite started-at="2023-01-04T13:20:06 IST" name="Suite" finished-at="2023-01-04T13:20:22 IST" duration-ms="16433">
    <groups>
    </groups>
    <test started-at="2023-01-04T13:20:06 IST" name="Test" finished-at="2023-01-04T13:20:22 IST" duration-ms="16433">
      <class name="testcases.LoginTestCase">
        <test-method is-config="true" signature="launch()[pri:0, instance:testcases.LoginTestCase@3d6f0054]" started-at="2023-01-04T13:20:06 IST" name="launch" finished-at="2023-01-04T13:20:12 IST" duration-ms="6317" status="PASS">
          <reporter-output>
          </reporter-output>
        </test-method> <!-- launch -->
        <test-method signature="method()[pri:0, instance:testcases.LoginTestCase@3d6f0054]" started-at="2023-01-04T13:20:12 IST" name="method" finished-at="2023-01-04T13:20:13 IST" duration-ms="715" status="PASS">
          <reporter-output>
          </reporter-output>
        </test-method> <!-- method -->
      </class> <!-- testcases.LoginTestCase -->
      <class name="testcases.SignUpTestCases">
        <test-method is-config="true" signature="launch()[pri:0, instance:testcases.SignUpTestCases@5d0a1059]" started-at="2023-01-04T13:20:13 IST" name="launch" finished-at="2023-01-04T13:20:15 IST" duration-ms="2589" status="PASS">
          <reporter-output>
          </reporter-output>
        </test-method> <!-- launch -->
        <test-method signature="method()[pri:0, instance:testcases.SignUpTestCases@5d0a1059]" started-at="2023-01-04T13:20:15 IST" name="method" finished-at="2023-01-04T13:20:22 IST" duration-ms="6764" status="PASS">
          <reporter-output>
          </reporter-output>
        </test-method> <!-- method -->
      </class> <!-- testcases.SignUpTestCases -->
    </test> <!-- Test -->
  </suite> <!-- Suite -->
</testng-results>
